[incremental] "GET /api/facts?algo=incremental&page=1&limit=1000 HTTP/1.1" 200 -
[incremental] "GET /api/facts?algo=incremental&page=1&limit=100 HTTP/1.1" 200 -
[incremental] "GET /api/rules?algo=incremental&page=1&limit=20 HTTP/1.1" 200 -
[fullscan] "GET / HTTP/1.1" 200 -
[incremental] "GET /api/facts?algo=incremental&working=true HTTP/1.1" 200 -
[incremental] "GET /api/rules?algo=incremental&page=1&limit=1000 HTTP/1.1" 200 -
[incremental] "OPTIONS /api/facts/add?algo=incremental HTTP/1.1" 200 -
[incremental] "POST /api/facts/add?algo=incremental HTTP/1.1" 200 -
[incremental] "GET /api/facts?algo=incremental&working=true HTTP/1.1" 200 -
[incremental] "OPTIONS /api/facts/add?algo=incremental HTTP/1.1" 200 -
[incremental] "POST /api/facts/add?algo=incremental HTTP/1.1" 200 -
[incremental] "GET /api/facts?algo=incremental&working=true HTTP/1.1" 200 -
[incremental] "POST /api/facts/add?algo=incremental HTTP/1.1" 200 -
[incremental] "GET /api/facts?algo=incremental&working=true HTTP/1.1" 200 -
[incremental] "POST /api/facts/add?algo=incremental HTTP/1.1" 200 -
[incremental] "GET /api/facts?algo=incremental&working=true HTTP/1.1" 200 -
[incremental] "OPTIONS /api/facts/add?algo=incremental HTTP/1.1" 200 -
[incremental] "POST /api/facts/add?algo=incremental HTTP/1.1" 200 -
[incremental] "GET /api/facts?algo=incremental&working=true HTTP/1.1" 200 -
[incremental] "OPTIONS /api/inference/forward?algo=incremental HTTP/1.1" 200 -
[incremental] "POST /api/inference/forward?algo=incremental HTTP/1.1" 200 -
[incremental] "GET /api/facts?algo=incremental&working=true HTTP/1.1" 200 -
[incremental] "GET /api/inference/steps?algo=incremental HTTP/1.1" 200 -
[incremental] "GET /api/rules?algo=incremental&page=5&limit=20 HTTP/1.1" 200 -
[incremental] "GET /api/rules?algo=incremental&page=1&limit=20 HTTP/1.1" 200 -
[incremental] "GET /api/facts?algo=incremental&page=4&limit=100 HTTP/1.1" 200 -
[incremental] "GET /api/facts?algo=incremental&page=7&limit=100 HTTP/1.1" 200 -
[fullscan] "OPTIONS /api/inference/forward?algo=fullscan HTTP/1.1" 200 -
[fullscan] "POST /api/inference/forward?algo=fullscan HTTP/1.1" 200 -
[fullscan] "GET /api/facts?algo=fullscan&working=true HTTP/1.1" 200 -
[fullscan] "GET /api/inference/steps?algo=fullscan HTTP/1.1" 200 -
[fullscan] "OPTIONS /api/facts/add?algo=fullscan HTTP/1.1" 200 -
[fullscan] "POST /api/facts/add?algo=fullscan HTTP/1.1" 200 -
[fullscan] "GET /api/facts?algo=fullscan&working=true HTTP/1.1" 200 -
[fullscan] "OPTIONS /api/inference/forward?algo=fullscan HTTP/1.1" 200 -
[fullscan] "POST /api/inference/forward?algo=fullscan HTTP/1.1" 200 -
[fullscan] "GET /api/facts?algo=fullscan&working=true HTTP/1.1" 200 -
[fullscan] "GET /api/inference/steps?algo=fullscan HTTP/1.1" 200 -
[fullscan] "OPTIONS /api/facts/delete?algo=fullscan HTTP/1.1" 200 -
[fullscan] "POST /api/facts/delete?algo=fullscan HTTP/1.1" 200 -
[fullscan] "GET /api/facts?algo=fullscan&working=true HTTP/1.1" 200 -
[fullscan] "OPTIONS /api/facts/add?algo=fullscan HTTP/1.1" 200 -
[fullscan] "POST /api/facts/add?algo=fullscan HTTP/1.1" 200 -
[fullscan] "GET /api/facts?algo=fullscan&working=true HTTP/1.1" 200 -
[fullscan] "POST /api/facts/add?algo=fullscan HTTP/1.1" 200 -
[fullscan] "GET /api/facts?algo=fullscan&working=true HTTP/1.1" 200 -
[fullscan] "OPTIONS /api/inference/forward?algo=fullscan HTTP/1.1" 200 -
[fullscan] "POST /api/inference/forward?algo=fullscan HTTP/1.1" 200 -
[fullscan] "GET /api/facts?algo=fullscan&working=true HTTP/1.1" 200 -
[fullscan] "GET /api/inference/steps?algo=fullscan HTTP/1.1" 200 -
[fullscan] "OPTIONS /api/facts/add?algo=fullscan HTTP/1.1" 200 -
[fullscan] "POST /api/facts/add?algo=fullscan HTTP/1.1" 200 -
[fullscan] "GET /api/facts?algo=fullscan&working=true HTTP/1.1" 200 -
[fullscan] "POST /api/facts/add?algo=fullscan HTTP/1.1" 200 -
[fullscan] "GET /api/facts?algo=fullscan&working=true HTTP/1.1" 200 -
[fullscan] "POST /api/facts/add?algo=fullscan HTTP/1.1" 200 -
[fullscan] "GET /api/facts?algo=fullscan&working=true HTTP/1.1" 200 -
[fullscan] "OPTIONS /api/facts/add?algo=fullscan HTTP/1.1" 200 -
[fullscan] "POST /api/facts/add?algo=fullscan HTTP/1.1" 200 -
[fullscan] "GET /api/facts?algo=fullscan&working=true HTTP/1.1" 200 -
[fullscan] "POST /api/facts/add?algo=fullscan HTTP/1.1" 200 -
[fullscan] "GET /api/facts?algo=fullscan&working=true HTTP/1.1" 200 -
[fullscan] "OPTIONS /api/inference/forward?algo=fullscan HTTP/1.1" 200 -
[fullscan] "POST /api/inference/forward?algo=fullscan HTTP/1.1" 200 -
[fullscan] "GET /api/facts?algo=fullscan&working=true HTTP/1.1" 200 -
[fullscan] "GET /api/inference/steps?algo=fullscan HTTP/1.1" 200 -
[fullscan] "OPTIONS /api/facts/delete?algo=fullscan HTTP/1.1" 200 -
[fullscan] "POST /api/facts/delete?algo=fullscan HTTP/1.1" 200 -
[fullscan] "GET /api/facts?algo=fullscan&working=true HTTP/1.1" 200 -
[fullscan] "POST /api/facts/delete?algo=fullscan HTTP/1.1" 200 -
[fullscan] "GET /api/facts?algo=fullscan&working=true HTTP/1.1" 200 -
[fullscan] "POST /api/facts/delete?algo=fullscan HTTP/1.1" 200 -
[fullscan] "GET /api/facts?algo=fullscan&working=true HTTP/1.1" 200 -
[fullscan] "POST /api/facts/delete?algo=fullscan HTTP/1.1" 200 -
[fullscan] "GET /api/facts?algo=fullscan&working=true HTTP/1.1" 200 -
[fullscan] "OPTIONS /api/facts/delete?algo=fullscan HTTP/1.1" 200 -
[fullscan] "POST /api/facts/delete?algo=fullscan HTTP/1.1" 200 -
[fullscan] "GET /api/facts?algo=fullscan&working=true HTTP/1.1" 200 -
[fullscan] "POST /api/facts/delete?algo=fullscan HTTP/1.1" 200 -
[fullscan] "GET /api/facts?algo=fullscan&working=true HTTP/1.1" 200 -
[fullscan] "POST /api/facts/delete?algo=fullscan HTTP/1.1" 200 -
[fullscan] "GET /api/facts?algo=fullscan&working=true HTTP/1.1" 200 -
[fullscan] "OPTIONS /api/facts/add?algo=fullscan HTTP/1.1" 200 -
[fullscan] "POST /api/facts/add?algo=fullscan HTTP/1.1" 200 -
[fullscan] "GET /api/facts?algo=fullscan&working=true HTTP/1.1" 200 -
[fullscan] "OPTIONS /api/facts/add?algo=fullscan HTTP/1.1" 200 -
[fullscan] "POST /api/facts/add?algo=fullscan HTTP/1.1" 200 -
[fullscan] "GET /api/facts?algo=fullscan&working=true HTTP/1.1" 200 -
[fullscan] "OPTIONS /api/facts/add?algo=fullscan HTTP/1.1" 200 -
[fullscan] "POST /api/facts/add?algo=fullscan HTTP/1.1" 200 -
[fullscan] "GET /api/facts?algo=fullscan&working=true HTTP/1.1" 200 -
[fullscan] "OPTIONS /api/inference/forward?algo=fullscan HTTP/1.1" 200 -
[fullscan] "POST /api/inference/forward?algo=fullscan HTTP/1.1" 200 -
[fullscan] "GET /api/facts?algo=fullscan&working=true HTTP/1.1" 200 -
[fullscan] "GET /api/inference/steps?algo=fullscan HTTP/1.1" 200 -
[incremental] "GET /api/facts?algo=incremental&page=1&limit=1000 HTTP/1.1" 200 -
[incremental] "GET /api/facts?algo=incremental&page=1&limit=100 HTTP/1.1" 200 -
[incremental] "GET /api/rules?algo=incremental&page=1&limit=20 HTTP/1.1" 200 -
[fullscan] "GET / HTTP/1.1" 200 -
[incremental] "GET /api/facts?algo=incremental&working=true HTTP/1.1" 200 -
[incremental] "GET /api/rules?algo=incremental&page=1&limit=1000 HTTP/1.1" 200 -
[incremental] "GET /api/facts?algo=incremental&search=%E9%A3%9E%E8%A1%8C HTTP/1.1" 200 -
[incremental] "GET /api/facts?algo=incremental&search=%E9%A3%9E HTTP/1.1" 200 -
[incremental] "OPTIONS /api/facts/add?algo=incremental HTTP/1.1" 200 -
[incremental] "POST /api/facts/add?algo=incremental HTTP/1.1" 200 -
[incremental] "GET /api/facts?algo=incremental&working=true HTTP/1.1" 200 -
[fullscan] "POST /api/rules?algo=fullscan HTTP/1.1" 200 -
[fullscan] "GET /api/facts?algo=fullscan&page=1&limit=1000 HTTP/1.1" 200 -
[fullscan] "GET /api/facts?algo=fullscan&page=1&limit=100 HTTP/1.1" 200 -
[fullscan] "GET /api/rules?algo=fullscan&page=1&limit=20 HTTP/1.1" 200 -
[fullscan] "GET / HTTP/1.1" 200 -
[fullscan] "GET /api/facts?algo=fullscan&working=true HTTP/1.1" 200 -
[fullscan] "GET /api/rules?algo=fullscan&page=1&limit=1000 HTTP/1.1" 200 -
[fullscan] "GET /api/facts?algo=fullscan&page=1&limit=1000 HTTP/1.1" 200 -
[incremental] "GET /api/facts?algo=incremental&page=1&limit=1000 HTTP/1.1" 200 -
[incremental] "GET /api/facts?algo=incremental&page=1&limit=1000 HTTP/1.1" 200 -
[incremental] "GET /api/facts?algo=incremental&page=1&limit=100 HTTP/1.1" 200 -
[incremental] "GET /api/rules?algo=incremental&page=1&limit=20 HTTP/1.1" 200 -
[fullscan] "GET / HTTP/1.1" 200 -
[incremental] "GET /api/facts?algo=incremental&working=true HTTP/1.1" 200 -
[incremental] "GET /api/rules?algo=incremental&page=1&limit=1000 HTTP/1.1" 200 -
[incremental] "OPTIONS /api/facts/delete?algo=incremental HTTP/1.1" 200 -
[incremental] "POST /api/facts/delete?algo=incremental HTTP/1.1" 200 -
[incremental] "GET /api/facts?algo=incremental&working=true HTTP/1.1" 200 -
[incremental] "OPTIONS /api/facts/add?algo=incremental HTTP/1.1" 200 -
[incremental] "POST /api/facts/add?algo=incremental HTTP/1.1" 200 -
[incremental] "GET /api/facts?algo=incremental&working=true HTTP/1.1" 200 -
[incremental] "OPTIONS /api/facts/delete?algo=incremental HTTP/1.1" 200 -
[incremental] "POST /api/facts/delete?algo=incremental HTTP/1.1" 200 -
[incremental] "GET /api/facts?algo=incremental&working=true HTTP/1.1" 200 -
[incremental] "POST /api/facts/delete?algo=incremental HTTP/1.1" 200 -
[incremental] "GET /api/facts?algo=incremental&working=true HTTP/1.1" 200 -
[incremental] "POST /api/facts/delete?algo=incremental HTTP/1.1" 200 -
[incremental] "GET /api/facts?algo=incremental&working=true HTTP/1.1" 200 -
[incremental] "POST /api/facts/delete?algo=incremental HTTP/1.1" 200 -
[incremental] "GET /api/facts?algo=incremental&working=true HTTP/1.1" 200 -
[incremental] "POST /api/facts/delete?algo=incremental HTTP/1.1" 200 -
[incremental] "GET /api/facts?algo=incremental&working=true HTTP/1.1" 200 -
[incremental] "OPTIONS /api/facts/delete?algo=incremental HTTP/1.1" 200 -
[incremental] "POST /api/facts/delete?algo=incremental HTTP/1.1" 200 -
[incremental] "GET /api/facts?algo=incremental&working=true HTTP/1.1" 200 -
[incremental] "POST /api/facts/delete?algo=incremental HTTP/1.1" 200 -
[incremental] "GET /api/facts?algo=incremental&working=true HTTP/1.1" 200 -
[incremental] "OPTIONS /api/facts/add?algo=incremental HTTP/1.1" 200 -
[incremental] "POST /api/facts/add?algo=incremental HTTP/1.1" 200 -
[incremental] "GET /api/facts?algo=incremental&working=true HTTP/1.1" 200 -
[incremental] "OPTIONS /api/facts/delete?algo=incremental HTTP/1.1" 200 -
[incremental] "POST /api/facts/delete?algo=incremental HTTP/1.1" 200 -
[incremental] "GET /api/facts?algo=incremental&working=true HTTP/1.1" 200 -
[incremental] "OPTIONS /api/facts/add?algo=incremental HTTP/1.1" 200 -
[incremental] "POST /api/facts/add?algo=incremental HTTP/1.1" 200 -
[incremental] "GET /api/facts?algo=incremental&working=true HTTP/1.1" 200 -
[fullscan] "OPTIONS /api/facts/delete?algo=fullscan HTTP/1.1" 200 -
[fullscan] "POST /api/facts/delete?algo=fullscan HTTP/1.1" 200 -
[fullscan] "GET /api/facts?algo=fullscan&working=true HTTP/1.1" 200 -
[fullscan] "OPTIONS /api/facts/delete?algo=fullscan HTTP/1.1" 200 -
[fullscan] "POST /api/facts/delete?algo=fullscan HTTP/1.1" 200 -
[fullscan] "GET /api/facts?algo=fullscan&working=true HTTP/1.1" 200 -
[fullscan] "POST /api/facts/delete?algo=fullscan HTTP/1.1" 200 -
[fullscan] "GET /api/facts?algo=fullscan&working=true HTTP/1.1" 200 -
[fullscan] "POST /api/facts/delete?algo=fullscan HTTP/1.1" 200 -
[fullscan] "GET /api/facts?algo=fullscan&working=true HTTP/1.1" 200 -
[fullscan] "POST /api/facts/delete?algo=fullscan HTTP/1.1" 200 -
[fullscan] "GET /api/facts?algo=fullscan&working=true HTTP/1.1" 200 -
[fullscan] "OPTIONS /api/facts/delete?algo=fullscan HTTP/1.1" 200 -
[fullscan] "POST /api/facts/delete?algo=fullscan HTTP/1.1" 200 -
[fullscan] "GET /api/facts?algo=fullscan&working=true HTTP/1.1" 200 -
[fullscan] "OPTIONS /api/facts/add?algo=fullscan HTTP/1.1" 200 -
[fullscan] "POST /api/facts/add?algo=fullscan HTTP/1.1" 200 -
[fullscan] "GET /api/facts?algo=fullscan&working=true HTTP/1.1" 200 -
[fullscan] "OPTIONS /api/inference/backward?algo=fullscan HTTP/1.1" 200 -
[fullscan] "POST /api/inference/backward?algo=fullscan HTTP/1.1" 200 -
[fullscan] "GET /api/inference/steps?algo=fullscan HTTP/1.1" 200 -
[fullscan] "OPTIONS /api/facts/delete?algo=fullscan HTTP/1.1" 200 -
[fullscan] "POST /api/facts/delete?algo=fullscan HTTP/1.1" 200 -
[fullscan] "GET /api/facts?algo=fullscan&working=true HTTP/1.1" 200 -
[fullscan] "GET /api/facts?algo=fullscan&page=1&limit=1000 HTTP/1.1" 200 -
[fullscan] "GET /api/facts?algo=fullscan&page=1&limit=100 HTTP/1.1" 200 -
[fullscan] "GET /api/rules?algo=fullscan&page=1&limit=20 HTTP/1.1" 200 -
[fullscan] "GET / HTTP/1.1" 200 -
[fullscan] "GET /api/facts?algo=fullscan&working=true HTTP/1.1" 200 -
[fullscan] "GET /api/rules?algo=fullscan&page=1&limit=1000 HTTP/1.1" 200 -
[incremental] "GET /api/facts?algo=incremental&page=1&limit=1000 HTTP/1.1" 200 -
[incremental] "GET /api/facts?algo=incremental&page=1&limit=100 HTTP/1.1" 200 -
[incremental] "GET /api/rules?algo=incremental&page=1&limit=20 HTTP/1.1" 200 -
[fullscan] "GET / HTTP/1.1" 200 -
[incremental] "GET /api/facts?algo=incremental&working=true HTTP/1.1" 200 -
[incremental] "GET /api/rules?algo=incremental&page=1&limit=1000 HTTP/1.1" 200 -
[incremental] "GET /api/facts?algo=incremental&page=1&limit=1000 HTTP/1.1" 200 -
[incremental] "GET /api/facts?algo=incremental&page=1&limit=100 HTTP/1.1" 200 -
[incremental] "GET /api/rules?algo=incremental&page=1&limit=20 HTTP/1.1" 200 -
[fullscan] "GET / HTTP/1.1" 200 -
[incremental] "GET /api/facts?algo=incremental&working=true HTTP/1.1" 200 -
[incremental] "GET /api/rules?algo=incremental&page=1&limit=1000 HTTP/1.1" 200 -
[incremental] "GET /api/facts?algo=incremental&page=1&limit=1000 HTTP/1.1" 200 -
[incremental] "GET /api/facts?algo=incremental&page=1&limit=100 HTTP/1.1" 200 -
[incremental] "GET /api/rules?algo=incremental&page=1&limit=20 HTTP/1.1" 200 -
[fullscan] "GET / HTTP/1.1" 200 -
[incremental] "GET /api/facts?algo=incremental&working=true HTTP/1.1" 200 -
[incremental] "GET /api/rules?algo=incremental&page=1&limit=1000 HTTP/1.1" 200 -
[incremental] "GET /api/facts?algo=incremental&page=1&limit=1000 HTTP/1.1" 200 -
[incremental] "GET /api/facts?algo=incremental&page=1&limit=100 HTTP/1.1" 200 -
[incremental] "GET /api/rules?algo=incremental&page=1&limit=20 HTTP/1.1" 200 -
[fullscan] "GET / HTTP/1.1" 200 -
[incremental] "GET /api/facts?algo=incremental&working=true HTTP/1.1" 200 -
[incremental] "GET /api/rules?algo=incremental&page=1&limit=1000 HTTP/1.1" 200 -
[fullscan] "GET /api/facts?algo=fullscan&page=1&limit=1000 HTTP/1.1" 200 -
[fullscan] "GET /api/facts?algo=fullscan&page=1&limit=100 HTTP/1.1" 200 -
[fullscan] "GET /api/rules?algo=fullscan&page=1&limit=20 HTTP/1.1" 200 -
[fullscan] "GET / HTTP/1.1" 200 -
[fullscan] "GET /api/facts?algo=fullscan&working=true HTTP/1.1" 200 -
[fullscan] "GET /api/rules?algo=fullscan&page=1&limit=1000 HTTP/1.1" 200 -
[fullscan] "GET /api/facts?algo=fullscan&page=1&limit=1000 HTTP/1.1" 200 -
[fullscan] "GET /api/facts?algo=fullscan&page=1&limit=100 HTTP/1.1" 200 -
[incremental] "GET /api/facts?algo=incremental&page=1&limit=1000 HTTP/1.1" 200 -
[fullscan] "GET /api/rules?algo=fullscan&page=1&limit=20 HTTP/1.1" 200 -
[incremental] "GET /api/facts?algo=incremental&page=1&limit=100 HTTP/1.1" 200 -
[incremental] "GET /api/rules?algo=incremental&page=1&limit=20 HTTP/1.1" 200 -
[fullscan] "GET / HTTP/1.1" 200 -
[fullscan] "GET / HTTP/1.1" 200 -
[fullscan] "GET /api/facts?algo=fullscan&working=true HTTP/1.1" 200 -
[incremental] "GET /api/facts?algo=incremental&working=true HTTP/1.1" 200 -
[fullscan] "GET /api/rules?algo=fullscan&page=1&limit=1000 HTTP/1.1" 200 -
[incremental] "GET /api/rules?algo=incremental&page=1&limit=1000 HTTP/1.1" 200 -
[incremental] "GET /api/facts?algo=incremental&page=1&limit=1000 HTTP/1.1" 200 -
[fullscan] "GET /api/facts?algo=fullscan&page=1&limit=1000 HTTP/1.1" 200 -
[fullscan] "GET /api/facts?algo=fullscan&page=1&limit=100 HTTP/1.1" 200 -
[incremental] "GET /api/facts?algo=incremental&page=1&limit=100 HTTP/1.1" 200 -
[fullscan] "GET /api/rules?algo=fullscan&page=1&limit=20 HTTP/1.1" 200 -
[incremental] "GET /api/rules?algo=incremental&page=1&limit=20 HTTP/1.1" 200 -
[fullscan] "GET / HTTP/1.1" 200 -
[fullscan] "GET / HTTP/1.1" 200 -
[fullscan] "GET /api/facts?algo=fullscan&working=true HTTP/1.1" 200 -
[incremental] "GET /api/facts?algo=incremental&working=true HTTP/1.1" 200 -
[fullscan] "GET /api/rules?algo=fullscan&page=1&limit=1000 HTTP/1.1" 200 -
[incremental] "GET /api/rules?algo=incremental&page=1&limit=1000 HTTP/1.1" 200 -
[incremental] "GET /api/facts?algo=incremental&page=1&limit=1000 HTTP/1.1" 200 -
[incremental] "GET /api/facts?algo=incremental&page=1&limit=100 HTTP/1.1" 200 -
[incremental] "GET /api/rules?algo=incremental&page=1&limit=20 HTTP/1.1" 200 -
[fullscan] "GET /api/facts?algo=fullscan&page=1&limit=1000 HTTP/1.1" 200 -
[fullscan] "GET /api/facts?algo=fullscan&page=1&limit=100 HTTP/1.1" 200 -
[fullscan] "GET /api/rules?algo=fullscan&page=1&limit=20 HTTP/1.1" 200 -
[fullscan] "GET / HTTP/1.1" 200 -
[fullscan] "GET / HTTP/1.1" 200 -
[incremental] "GET /api/facts?algo=incremental&working=true HTTP/1.1" 200 -
[fullscan] "GET /api/facts?algo=fullscan&working=true HTTP/1.1" 200 -
[incremental] "GET /api/rules?algo=incremental&page=1&limit=1000 HTTP/1.1" 200 -
[fullscan] "GET /api/rules?algo=fullscan&page=1&limit=1000 HTTP/1.1" 200 -
[incremental] "GET /api/facts?algo=incremental&page=1&limit=1000 HTTP/1.1" 200 -
[incremental] "GET /api/facts?algo=incremental&page=1&limit=100 HTTP/1.1" 200 -
[incremental] "GET /api/rules?algo=incremental&page=1&limit=20 HTTP/1.1" 200 -
[fullscan] "GET /api/facts?algo=fullscan&page=1&limit=1000 HTTP/1.1" 200 -
[fullscan] "GET /api/facts?algo=fullscan&page=1&limit=100 HTTP/1.1" 200 -
[fullscan] "GET /api/rules?algo=fullscan&page=1&limit=20 HTTP/1.1" 200 -
[fullscan] "GET / HTTP/1.1" 200 -
[fullscan] "GET / HTTP/1.1" 200 -
[incremental] "GET /api/facts?algo=incremental&working=true HTTP/1.1" 200 -
[fullscan] "GET /api/facts?algo=fullscan&working=true HTTP/1.1" 200 -
[incremental] "GET /api/rules?algo=incremental&page=1&limit=1000 HTTP/1.1" 200 -
[fullscan] "GET /api/rules?algo=fullscan&page=1&limit=1000 HTTP/1.1" 200 -
[incremental] "GET /api/facts?algo=incremental&page=1&limit=1000 HTTP/1.1" 200 -
[incremental] "GET /api/facts?algo=incremental&page=1&limit=100 HTTP/1.1" 200 -
[incremental] "GET /api/rules?algo=incremental&page=1&limit=20 HTTP/1.1" 200 -
[fullscan] "GET /api/facts?algo=fullscan&page=1&limit=1000 HTTP/1.1" 200 -
[fullscan] "GET / HTTP/1.1" 200 -
[fullscan] "GET /api/facts?algo=fullscan&page=1&limit=100 HTTP/1.1" 200 -
[fullscan] "GET /api/rules?algo=fullscan&page=1&limit=20 HTTP/1.1" 200 -
[fullscan] "GET / HTTP/1.1" 200 -
[incremental] "GET /api/facts?algo=incremental&working=true HTTP/1.1" 200 -
[fullscan] "GET /api/facts?algo=fullscan&working=true HTTP/1.1" 200 -
[incremental] "GET /api/rules?algo=incremental&page=1&limit=1000 HTTP/1.1" 200 -
[fullscan] "GET /api/rules?algo=fullscan&page=1&limit=1000 HTTP/1.1" 200 -
[incremental] "GET /api/facts?algo=incremental&page=1&limit=1000 HTTP/1.1" 200 -
[incremental] "GET /api/facts?algo=incremental&page=1&limit=100 HTTP/1.1" 200 -
[incremental] "GET /api/rules?algo=incremental&page=1&limit=20 HTTP/1.1" 200 -
[fullscan] "GET / HTTP/1.1" 200 -
[incremental] "GET /api/facts?algo=incremental&working=true HTTP/1.1" 200 -
[incremental] "GET /api/rules?algo=incremental&page=1&limit=1000 HTTP/1.1" 200 -
[incremental] "GET /api/facts?algo=incremental&page=1&limit=1 HTTP/1.1" 200 -
[incremental] "GET /api/facts?algo=incremental&page=1&limit=1000 HTTP/1.1" 200 -
[incremental] "GET /api/facts?algo=incremental&page=1&limit=100 HTTP/1.1" 200 -
[incremental] "GET /api/rules?algo=incremental&page=1&limit=20 HTTP/1.1" 200 -
[incremental] "GET /api/facts?algo=incremental&page=1&limit=1000 HTTP/1.1" 200 -
[incremental] "GET /api/facts?algo=incremental&page=1&limit=100 HTTP/1.1" 200 -
[incremental] "GET /api/rules?algo=incremental&page=1&limit=20 HTTP/1.1" 200 -
[fullscan] "GET / HTTP/1.1" 200 -
[fullscan] "GET / HTTP/1.1" 200 -
[incremental] "GET /api/facts?algo=incremental&working=true HTTP/1.1" 200 -
[incremental] "GET /api/facts?algo=incremental&working=true HTTP/1.1" 200 -
[incremental] "GET /api/rules?algo=incremental&page=1&limit=1000 HTTP/1.1" 200 -
[incremental] "GET /api/rules?algo=incremental&page=1&limit=1000 HTTP/1.1" 200 -
[incremental] "GET /api/facts?algo=incremental&page=1&limit=1 HTTP/1.1" 200 -
[incremental] "GET /api/facts?algo=incremental&page=1&limit=1000 HTTP/1.1" 200 -
[incremental] "GET /api/facts?algo=incremental&page=1&limit=100 HTTP/1.1" 200 -
[incremental] "GET /api/rules?algo=incremental&page=1&limit=20 HTTP/1.1" 200 -
[incremental] "GET /api/facts?algo=incremental&page=1&limit=1000 HTTP/1.1" 200 -
[incremental] "GET /api/facts?algo=incremental&page=1&limit=100 HTTP/1.1" 200 -
[incremental] "GET /api/rules?algo=incremental&page=1&limit=20 HTTP/1.1" 200 -
[fullscan] "GET / HTTP/1.1" 200 -
[fullscan] "GET / HTTP/1.1" 200 -
[incremental] "GET /api/facts?algo=incremental&working=true HTTP/1.1" 200 -
[incremental] "GET /api/facts?algo=incremental&working=true HTTP/1.1" 200 -
[incremental] "GET /api/rules?algo=incremental&page=1&limit=1000 HTTP/1.1" 200 -
[incremental] "GET /api/rules?algo=incremental&page=1&limit=1000 HTTP/1.1" 200 -
[incremental] "GET /api/facts?algo=incremental&page=1&limit=1 HTTP/1.1" 200 -
[incremental] "GET /api/facts?algo=incremental&page=1&limit=1000 HTTP/1.1" 200 -
[incremental] "GET /api/facts?algo=incremental&page=1&limit=100 HTTP/1.1" 200 -
[incremental] "GET /api/rules?algo=incremental&page=1&limit=20 HTTP/1.1" 200 -
[incremental] "GET /api/facts?algo=incremental&page=1&limit=1000 HTTP/1.1" 200 -
[incremental] "GET /api/facts?algo=incremental&page=1&limit=100 HTTP/1.1" 200 -
[incremental] "GET /api/rules?algo=incremental&page=1&limit=20 HTTP/1.1" 200 -
[fullscan] "GET / HTTP/1.1" 200 -
[fullscan] "GET / HTTP/1.1" 200 -
[incremental] "GET /api/facts?algo=incremental&working=true HTTP/1.1" 200 -
[incremental] "GET /api/facts?algo=incremental&working=true HTTP/1.1" 200 -
[incremental] "GET /api/rules?algo=incremental&page=1&limit=1000 HTTP/1.1" 200 -
[incremental] "GET /api/rules?algo=incremental&page=1&limit=1000 HTTP/1.1" 200 -
[incremental] "GET /api/facts?algo=incremental&page=1&limit=1 HTTP/1.1" 200 -
[incremental] "OPTIONS /api/facts/delete?algo=incremental HTTP/1.1" 200 -
[incremental] "POST /api/facts/delete?algo=incremental HTTP/1.1" 200 -
[incremental] "GET /api/facts?algo=incremental&working=true HTTP/1.1" 200 -
[incremental] "GET /api/facts?algo=incremental&page=1&limit=1000 HTTP/1.1" 200 -
[incremental] "GET /api/facts?algo=incremental&page=1&limit=100 HTTP/1.1" 200 -
[incremental] "GET /api/rules?algo=incremental&page=1&limit=20 HTTP/1.1" 200 -
[incremental] "GET /api/facts?algo=incremental&page=1&limit=1000 HTTP/1.1" 200 -
[incremental] "GET /api/facts?algo=incremental&page=1&limit=100 HTTP/1.1" 200 -
[incremental] "GET /api/rules?algo=incremental&page=1&limit=20 HTTP/1.1" 200 -
[fullscan] "GET / HTTP/1.1" 200 -
[fullscan] "GET / HTTP/1.1" 200 -
[incremental] "GET /api/facts?algo=incremental&working=true HTTP/1.1" 200 -
[incremental] "GET /api/facts?algo=incremental&working=true HTTP/1.1" 200 -
[incremental] "GET /api/rules?algo=incremental&page=1&limit=1000 HTTP/1.1" 200 -
[incremental] "GET /api/rules?algo=incremental&page=1&limit=1000 HTTP/1.1" 200 -
[incremental] "GET /api/facts?algo=incremental&page=1&limit=1 HTTP/1.1" 200 -
[incremental] "GET /api/facts?algo=incremental&page=1&limit=1000 HTTP/1.1" 200 -
[incremental] "GET /api/facts?algo=incremental&page=1&limit=1000 HTTP/1.1" 200 -
[incremental] "GET /api/facts?algo=incremental&page=1&limit=1000 HTTP/1.1" 200 -
[incremental] "GET /api/facts?algo=incremental&page=1&limit=100 HTTP/1.1" 200 -
[incremental] "GET /api/rules?algo=incremental&page=1&limit=20 HTTP/1.1" 200 -
[fullscan] "GET / HTTP/1.1" 200 -
[incremental] "GET /api/facts?algo=incremental&working=true HTTP/1.1" 200 -
[incremental] "GET /api/rules?algo=incremental&page=1&limit=1000 HTTP/1.1" 200 -
[incremental] "GET /api/facts?algo=incremental&page=1&limit=1 HTTP/1.1" 200 -
[incremental] "GET /api/rules?algo=incremental&page=1&limit=20 HTTP/1.1" 200 -
[incremental] "GET /api/rules?algo=incremental&page=1&limit=20 HTTP/1.1" 200 -
[incremental] "GET /api/rules?algo=incremental&page=1&limit=20 HTTP/1.1" 200 -
[incremental] "GET /api/rules?algo=incremental&page=1&limit=20 HTTP/1.1" 200 -
[incremental] "GET /api/facts?algo=incremental&page=1&limit=100 HTTP/1.1" 200 -
[incremental] "GET /api/facts?algo=incremental&page=1&limit=100 HTTP/1.1" 200 -
[incremental] "GET /api/facts?algo=incremental&page=1&limit=100 HTTP/1.1" 200 -
[incremental] "GET /api/facts?algo=incremental&page=1&limit=100 HTTP/1.1" 200 -
[incremental] "GET /api/facts?algo=incremental&page=1&limit=1000 HTTP/1.1" 200 -
[incremental] "GET /api/facts?algo=incremental&page=1&limit=100 HTTP/1.1" 200 -
[incremental] "GET /api/rules?algo=incremental&page=1&limit=20 HTTP/1.1" 200 -
[fullscan] "GET / HTTP/1.1" 200 -
[incremental] "GET /api/facts?algo=incremental&working=true HTTP/1.1" 200 -
[incremental] "GET /api/rules?algo=incremental&page=1&limit=1000 HTTP/1.1" 200 -
[incremental] "GET /api/facts?algo=incremental&page=1&limit=1 HTTP/1.1" 200 -
[incremental] "GET /api/facts?algo=incremental&page=1&limit=1000 HTTP/1.1" 200 -
[incremental] "GET /api/facts?algo=incremental&page=1&limit=100 HTTP/1.1" 200 -
[incremental] "GET /api/rules?algo=incremental&page=1&limit=20 HTTP/1.1" 200 -
[fullscan] "GET / HTTP/1.1" 200 -
[incremental] "GET /api/facts?algo=incremental&page=1&limit=1000 HTTP/1.1" 200 -
[incremental] "GET /api/facts?algo=incremental&page=1&limit=100 HTTP/1.1" 200 -
[incremental] "GET /api/rules?algo=incremental&page=1&limit=20 HTTP/1.1" 200 -
[fullscan] "GET / HTTP/1.1" 200 -
[incremental] "GET /api/facts?algo=incremental&working=true HTTP/1.1" 200 -
[incremental] "GET /api/rules?algo=incremental&page=1&limit=1000 HTTP/1.1" 200 -
[incremental] "GET /api/facts?algo=incremental&working=true HTTP/1.1" 200 -
[incremental] "GET /api/rules?algo=incremental&page=1&limit=1000 HTTP/1.1" 200 -
[incremental] "GET /api/facts?algo=incremental&page=1&limit=1 HTTP/1.1" 200 -
[incremental] "GET /api/facts?algo=incremental&page=1&limit=1 HTTP/1.1" 200 -
[incremental] "GET /api/facts?algo=incremental&page=3&limit=100 HTTP/1.1" 200 -
[incremental] "GET /api/facts?algo=incremental&page=5&limit=100 HTTP/1.1" 200 -
[incremental] "GET /api/facts?algo=incremental&page=6&limit=100 HTTP/1.1" 200 -
[incremental] "GET /api/facts?algo=incremental&page=1&limit=1000 HTTP/1.1" 200 -
[incremental] "GET /api/facts?algo=incremental&page=1&limit=100 HTTP/1.1" 200 -
[incremental] "GET /api/rules?algo=incremental&page=1&limit=20 HTTP/1.1" 200 -
[fullscan] "GET / HTTP/1.1" 200 -
[incremental] "GET /api/facts?algo=incremental&page=1&limit=1000 HTTP/1.1" 200 -
[incremental] "GET /api/facts?algo=incremental&page=1&limit=100 HTTP/1.1" 200 -
[incremental] "GET /api/rules?algo=incremental&page=1&limit=20 HTTP/1.1" 200 -
[fullscan] "GET / HTTP/1.1" 200 -
[incremental] "GET /api/facts?algo=incremental&working=true HTTP/1.1" 200 -
[incremental] "GET /api/facts?algo=incremental&working=true HTTP/1.1" 200 -
[incremental] "GET /api/rules?algo=incremental&page=1&limit=1000 HTTP/1.1" 200 -
[incremental] "GET /api/rules?algo=incremental&page=1&limit=1000 HTTP/1.1" 200 -
[incremental] "GET /api/facts?algo=incremental&page=1&limit=1 HTTP/1.1" 200 -
[incremental] "GET /api/facts?algo=incremental&page=1&limit=1 HTTP/1.1" 200 -
[incremental] "GET /api/facts?algo=incremental&page=1&limit=1000 HTTP/1.1" 200 -
[incremental] "GET /api/facts?algo=incremental&page=1&limit=100 HTTP/1.1" 200 -
[incremental] "GET /api/rules?algo=incremental&page=1&limit=20 HTTP/1.1" 200 -
[incremental] "GET /api/facts?algo=incremental&page=1&limit=1000 HTTP/1.1" 200 -
[incremental] "GET /api/facts?algo=incremental&page=1&limit=100 HTTP/1.1" 200 -
[incremental] "GET /api/rules?algo=incremental&page=1&limit=20 HTTP/1.1" 200 -
[fullscan] "GET / HTTP/1.1" 200 -
[fullscan] "GET / HTTP/1.1" 200 -
[incremental] "GET /api/facts?algo=incremental&working=true HTTP/1.1" 200 -
[incremental] "GET /api/facts?algo=incremental&working=true HTTP/1.1" 200 -
[incremental] "GET /api/rules?algo=incremental&page=1&limit=1000 HTTP/1.1" 200 -
[incremental] "GET /api/rules?algo=incremental&page=1&limit=1000 HTTP/1.1" 200 -
[incremental] "GET /api/facts?algo=incremental&page=1&limit=1 HTTP/1.1" 200 -
[incremental] "GET /api/facts?algo=incremental&page=1&limit=1 HTTP/1.1" 200 -
[incremental] "GET /api/facts?algo=incremental&page=1&limit=1000 HTTP/1.1" 200 -
[incremental] "GET /api/facts?algo=incremental&page=1&limit=100 HTTP/1.1" 200 -
[incremental] "GET /api/rules?algo=incremental&page=1&limit=20 HTTP/1.1" 200 -
[fullscan] "GET / HTTP/1.1" 200 -
[incremental] "GET /api/facts?algo=incremental&working=true HTTP/1.1" 200 -
[incremental] "GET /api/rules?algo=incremental&page=1&limit=1000 HTTP/1.1" 200 -
[incremental] "GET /api/facts?algo=incremental&page=1&limit=1 HTTP/1.1" 200 -
[incremental] "GET /api/facts?algo=incremental&page=1&limit=1000 HTTP/1.1" 200 -
[incremental] "GET /api/facts?algo=incremental&page=1&limit=100 HTTP/1.1" 200 -
[incremental] "GET /api/rules?algo=incremental&page=1&limit=20 HTTP/1.1" 200 -
[fullscan] "GET / HTTP/1.1" 200 -
[incremental] "GET /api/facts?algo=incremental&working=true HTTP/1.1" 200 -
[incremental] "GET /api/rules?algo=incremental&page=1&limit=1000 HTTP/1.1" 200 -
[incremental] "GET /api/facts?algo=incremental&page=1&limit=1 HTTP/1.1" 200 -
[incremental] "GET /api/facts?algo=incremental&page=1&limit=1000 HTTP/1.1" 200 -
[incremental] "GET /api/facts?algo=incremental&page=1&limit=100 HTTP/1.1" 200 -
[incremental] "GET /api/rules?algo=incremental&page=1&limit=20 HTTP/1.1" 200 -
[fullscan] "GET / HTTP/1.1" 200 -
[incremental] "GET /api/facts?algo=incremental&working=true HTTP/1.1" 200 -
[incremental] "GET /api/rules?algo=incremental&page=1&limit=1000 HTTP/1.1" 200 -
[incremental] "GET /api/facts?algo=incremental&page=1&limit=1 HTTP/1.1" 200 -
[incremental] "GET /api/facts?algo=incremental&page=1&limit=1000 HTTP/1.1" 200 -
[incremental] "GET /api/facts?algo=incremental&page=1&limit=100 HTTP/1.1" 200 -
[incremental] "GET /api/rules?algo=incremental&page=1&limit=20 HTTP/1.1" 200 -
[fullscan] "GET / HTTP/1.1" 200 -
[incremental] "GET /api/facts?algo=incremental&working=true HTTP/1.1" 200 -
[incremental] "GET /api/rules?algo=incremental&page=1&limit=1000 HTTP/1.1" 200 -
[incremental] "GET /api/facts?algo=incremental&page=1&limit=1 HTTP/1.1" 200 -
[incremental] "GET /api/facts?algo=incremental&page=1&limit=1000 HTTP/1.1" 200 -
[incremental] "GET /api/facts?algo=incremental&page=1&limit=100 HTTP/1.1" 200 -
[incremental] "GET /api/rules?algo=incremental&page=1&limit=20 HTTP/1.1" 200 -
[fullscan] "GET / HTTP/1.1" 200 -
[incremental] "GET /api/facts?algo=incremental&working=true HTTP/1.1" 200 -
[incremental] "GET /api/rules?algo=incremental&page=1&limit=1000 HTTP/1.1" 200 -
[incremental] "GET /api/facts?algo=incremental&page=1&limit=1 HTTP/1.1" 200 -
[incremental] "GET /api/facts?algo=incremental&page=1&limit=1000 HTTP/1.1" 200 -
[incremental] "GET /api/facts?algo=incremental&page=1&limit=100 HTTP/1.1" 200 -
[incremental] "GET /api/rules?algo=incremental&page=1&limit=20 HTTP/1.1" 200 -
[fullscan] "GET / HTTP/1.1" 200 -
[incremental] "GET /api/facts?algo=incremental&working=true HTTP/1.1" 200 -
[incremental] "GET /api/rules?algo=incremental&page=1&limit=1000 HTTP/1.1" 200 -
[incremental] "GET /api/facts?algo=incremental&page=1&limit=1 HTTP/1.1" 200 -
[incremental] "GET /api/facts?algo=incremental&page=1&limit=1000 HTTP/1.1" 200 -
[incremental] "GET /api/facts?algo=incremental&page=1&limit=100 HTTP/1.1" 200 -
[incremental] "GET /api/rules?algo=incremental&page=1&limit=20 HTTP/1.1" 200 -
[fullscan] "GET / HTTP/1.1" 200 -
[incremental] "GET /api/facts?algo=incremental&working=true HTTP/1.1" 200 -
[incremental] "GET /api/rules?algo=incremental&page=1&limit=1000 HTTP/1.1" 200 -
[incremental] "GET /api/facts?algo=incremental&page=1&limit=1 HTTP/1.1" 200 -
[incremental] "GET /api/facts?algo=incremental&page=1&limit=1000 HTTP/1.1" 200 -
[incremental] "GET /api/facts?algo=incremental&page=1&limit=100 HTTP/1.1" 200 -
[incremental] "GET /api/rules?algo=incremental&page=1&limit=20 HTTP/1.1" 200 -
[fullscan] "GET / HTTP/1.1" 200 -
[incremental] "GET /api/facts?algo=incremental&working=true HTTP/1.1" 200 -
[incremental] "GET /api/rules?algo=incremental&page=1&limit=1000 HTTP/1.1" 200 -
[incremental] "GET /api/facts?algo=incremental&page=1&limit=1 HTTP/1.1" 200 -
[incremental] "OPTIONS /api/inference/backward?algo=incremental HTTP/1.1" 200 -
[incremental] "POST /api/inference/backward?algo=incremental HTTP/1.1" 200 -
[incremental] "GET /api/facts?algo=incremental&page=1&limit=1000 HTTP/1.1" 200 -
[incremental] "GET /api/facts?algo=incremental&page=1&limit=100 HTTP/1.1" 200 -
[incremental] "GET /api/rules?algo=incremental&page=1&limit=20 HTTP/1.1" 200 -
[fullscan] "GET / HTTP/1.1" 200 -
[incremental] "GET /api/facts?algo=incremental&working=true HTTP/1.1" 200 -
[incremental] "GET /api/rules?algo=incremental&page=1&limit=1000 HTTP/1.1" 200 -
[incremental] "GET /api/facts?algo=incremental&page=1&limit=1 HTTP/1.1" 200 -
[incremental] "OPTIONS /api/inference/backward?algo=incremental HTTP/1.1" 200 -
[incremental] "POST /api/inference/backward?algo=incremental HTTP/1.1" 200 -
[incremental] "GET /api/facts?algo=incremental&page=1&limit=1000 HTTP/1.1" 200 -
[incremental] "GET /api/facts?algo=incremental&page=1&limit=100 HTTP/1.1" 200 -
[incremental] "GET /api/rules?algo=incremental&page=1&limit=20 HTTP/1.1" 200 -
[fullscan] "GET / HTTP/1.1" 200 -
[incremental] "GET /api/facts?algo=incremental&working=true HTTP/1.1" 200 -
[incremental] "GET /api/rules?algo=incremental&page=1&limit=1000 HTTP/1.1" 200 -
[incremental] "GET /api/facts?algo=incremental&page=1&limit=1 HTTP/1.1" 200 -
[incremental] "GET /api/facts?algo=incremental&page=1&limit=1000 HTTP/1.1" 200 -
[incremental] "GET /api/facts?algo=incremental&page=1&limit=100 HTTP/1.1" 200 -
[incremental] "GET /api/rules?algo=incremental&page=1&limit=20 HTTP/1.1" 200 -
[fullscan] "GET / HTTP/1.1" 200 -
[incremental] "GET /api/facts?algo=incremental&working=true HTTP/1.1" 200 -
[incremental] "GET /api/rules?algo=incremental&page=1&limit=1000 HTTP/1.1" 200 -
[incremental] "GET /api/facts?algo=incremental&page=1&limit=1 HTTP/1.1" 200 -
[incremental] "OPTIONS /api/inference/backward?algo=incremental HTTP/1.1" 200 -
[incremental] "POST /api/inference/backward?algo=incremental HTTP/1.1" 200 -
[incremental] "OPTIONS /api/inference/backward?algo=incremental HTTP/1.1" 200 -
[incremental] "POST /api/inference/backward?algo=incremental HTTP/1.1" 200 -
[incremental] "GET /api/facts?algo=incremental&page=1&limit=1000 HTTP/1.1" 200 -
[incremental] "GET /api/facts?algo=incremental&page=1&limit=100 HTTP/1.1" 200 -
[incremental] "GET /api/rules?algo=incremental&page=1&limit=20 HTTP/1.1" 200 -
[fullscan] "GET / HTTP/1.1" 200 -
[incremental] "GET /api/facts?algo=incremental&working=true HTTP/1.1" 200 -
[incremental] "GET /api/rules?algo=incremental&page=1&limit=1000 HTTP/1.1" 200 -
[incremental] "GET /api/facts?algo=incremental&page=1&limit=1 HTTP/1.1" 200 -
[incremental] "GET /api/facts?algo=incremental&page=1&limit=1000 HTTP/1.1" 200 -
[incremental] "GET /api/facts?algo=incremental&page=1&limit=100 HTTP/1.1" 200 -
[incremental] "GET /api/rules?algo=incremental&page=1&limit=20 HTTP/1.1" 200 -
[fullscan] "GET / HTTP/1.1" 200 -
[incremental] "GET /api/facts?algo=incremental&working=true HTTP/1.1" 200 -
[incremental] "GET /api/rules?algo=incremental&page=1&limit=1000 HTTP/1.1" 200 -
[incremental] "GET /api/facts?algo=incremental&page=1&limit=1 HTTP/1.1" 200 -
[incremental] "GET /api/facts?algo=incremental&page=1&limit=1000 HTTP/1.1" 200 -
[incremental] "GET /api/facts?algo=incremental&page=1&limit=100 HTTP/1.1" 200 -
[incremental] "GET /api/rules?algo=incremental&page=1&limit=20 HTTP/1.1" 200 -
[fullscan] "GET / HTTP/1.1" 200 -
[incremental] "GET /api/facts?algo=incremental&working=true HTTP/1.1" 200 -
[incremental] "GET /api/rules?algo=incremental&page=1&limit=1000 HTTP/1.1" 200 -
[incremental] "GET /api/facts?algo=incremental&page=1&limit=1 HTTP/1.1" 200 -
[incremental] "GET /api/facts?algo=incremental&page=1&limit=1000 HTTP/1.1" 200 -
[incremental] "GET /api/facts?algo=incremental&page=1&limit=100 HTTP/1.1" 200 -
[incremental] "GET /api/rules?algo=incremental&page=1&limit=20 HTTP/1.1" 200 -
[fullscan] "GET / HTTP/1.1" 200 -
[incremental] "GET /api/facts?algo=incremental&working=true HTTP/1.1" 200 -
[incremental] "GET /api/rules?algo=incremental&page=1&limit=1000 HTTP/1.1" 200 -
[incremental] "GET /api/facts?algo=incremental&page=1&limit=1 HTTP/1.1" 200 -
[incremental] "GET /api/facts?algo=incremental&page=1&limit=1000 HTTP/1.1" 200 -
[incremental] "GET /api/facts?algo=incremental&page=1&limit=100 HTTP/1.1" 200 -
[incremental] "GET /api/rules?algo=incremental&page=1&limit=20 HTTP/1.1" 200 -
[fullscan] "GET / HTTP/1.1" 200 -
[incremental] "GET /api/facts?algo=incremental&working=true HTTP/1.1" 200 -
[incremental] "GET /api/rules?algo=incremental&page=1&limit=1000 HTTP/1.1" 200 -
[incremental] "GET /api/facts?algo=incremental&page=1&limit=1 HTTP/1.1" 200 -
[incremental] "OPTIONS /api/facts/add?algo=incremental HTTP/1.1" 200 -
[incremental] "POST /api/facts/add?algo=incremental HTTP/1.1" 200 -
[incremental] "GET /api/facts?algo=incremental&working=true HTTP/1.1" 200 -
[incremental] "POST /api/facts/add?algo=incremental HTTP/1.1" 200 -
[incremental] "GET /api/facts?algo=incremental&working=true HTTP/1.1" 200 -
[incremental] "OPTIONS /api/inference/forward?algo=incremental HTTP/1.1" 200 -
[incremental] "POST /api/inference/forward?algo=incremental HTTP/1.1" 200 -
[incremental] "GET /api/facts?algo=incremental&working=true HTTP/1.1" 200 -
[incremental] "GET /api/inference/steps?algo=incremental HTTP/1.1" 200 -
[incremental] "GET /api/facts?algo=incremental&page=1&limit=1000 HTTP/1.1" 200 -
[incremental] "GET /api/facts?algo=incremental&page=1&limit=100 HTTP/1.1" 200 -
[incremental] "GET /api/rules?algo=incremental&page=1&limit=20 HTTP/1.1" 200 -
[fullscan] "GET / HTTP/1.1" 200 -
[incremental] "GET /api/facts?algo=incremental&working=true HTTP/1.1" 200 -
[incremental] "GET /api/rules?algo=incremental&page=1&limit=1000 HTTP/1.1" 200 -
[incremental] "GET /api/facts?algo=incremental&page=1&limit=1 HTTP/1.1" 200 -
[incremental] "OPTIONS /api/inference/forward?algo=incremental HTTP/1.1" 200 -
[incremental] "POST /api/inference/forward?algo=incremental HTTP/1.1" 200 -
[incremental] "GET /api/facts?algo=incremental&working=true HTTP/1.1" 200 -
[incremental] "GET /api/inference/steps?algo=incremental HTTP/1.1" 200 -
[fullscan] "OPTIONS /api/inference/forward?algo=fullscan HTTP/1.1" 200 -
[fullscan] "POST /api/inference/forward?algo=fullscan HTTP/1.1" 200 -
[fullscan] "GET /api/facts?algo=fullscan&working=true HTTP/1.1" 200 -
[fullscan] "GET /api/inference/steps?algo=fullscan HTTP/1.1" 200 -
[fullscan] "POST /api/inference/forward?algo=fullscan HTTP/1.1" 200 -
[fullscan] "GET /api/facts?algo=fullscan&working=true HTTP/1.1" 200 -
[fullscan] "GET /api/inference/steps?algo=fullscan HTTP/1.1" 200 -
[fullscan] "POST /api/inference/forward?algo=fullscan HTTP/1.1" 200 -
[fullscan] "GET /api/facts?algo=fullscan&working=true HTTP/1.1" 200 -
[fullscan] "GET /api/inference/steps?algo=fullscan HTTP/1.1" 200 -
[fullscan] "GET /api/facts?algo=fullscan&page=1&limit=1000 HTTP/1.1" 200 -
[fullscan] "GET /api/facts?algo=fullscan&page=1&limit=100 HTTP/1.1" 200 -
[fullscan] "GET /api/rules?algo=fullscan&page=1&limit=20 HTTP/1.1" 200 -
[fullscan] "GET / HTTP/1.1" 200 -
[fullscan] "GET /api/facts?algo=fullscan&working=true HTTP/1.1" 200 -
[fullscan] "GET /api/rules?algo=fullscan&page=1&limit=1000 HTTP/1.1" 200 -
[fullscan] "GET /api/facts?algo=fullscan&page=1&limit=1 HTTP/1.1" 200 -
[fullscan] "OPTIONS /api/facts/add?algo=fullscan HTTP/1.1" 200 -
[fullscan] "POST /api/facts/add?algo=fullscan HTTP/1.1" 200 -
[fullscan] "GET /api/facts?algo=fullscan&working=true HTTP/1.1" 200 -
[fullscan] "POST /api/facts/add?algo=fullscan HTTP/1.1" 200 -
[fullscan] "GET /api/facts?algo=fullscan&working=true HTTP/1.1" 200 -
[fullscan] "OPTIONS /api/inference/forward?algo=fullscan HTTP/1.1" 200 -
[fullscan] "POST /api/inference/forward?algo=fullscan HTTP/1.1" 200 -
[fullscan] "GET /api/facts?algo=fullscan&working=true HTTP/1.1" 200 -
[fullscan] "GET /api/inference/steps?algo=fullscan HTTP/1.1" 200 -
[incremental] "GET /api/facts?algo=incremental&page=1&limit=1000 HTTP/1.1" 200 -
[incremental] "GET /api/facts?algo=incremental&page=1&limit=100 HTTP/1.1" 200 -
[incremental] "GET /api/rules?algo=incremental&page=1&limit=20 HTTP/1.1" 200 -
[fullscan] "GET / HTTP/1.1" 200 -
[incremental] "GET /api/facts?algo=incremental&working=true HTTP/1.1" 200 -
[incremental] "GET /api/rules?algo=incremental&page=1&limit=1000 HTTP/1.1" 200 -
[incremental] "GET /api/facts?algo=incremental&page=1&limit=1 HTTP/1.1" 200 -
[incremental] "GET /api/facts?algo=incremental&page=1&limit=1000 HTTP/1.1" 200 -
[incremental] "GET /api/facts?algo=incremental&page=1&limit=100 HTTP/1.1" 200 -
[incremental] "GET /api/rules?algo=incremental&page=1&limit=20 HTTP/1.1" 200 -
[fullscan] "GET / HTTP/1.1" 200 -
[incremental] "GET /api/facts?algo=incremental&working=true HTTP/1.1" 200 -
[incremental] "GET /api/rules?algo=incremental&page=1&limit=1000 HTTP/1.1" 200 -
[incremental] "GET /api/facts?algo=incremental&page=1&limit=1 HTTP/1.1" 200 -
